<?xml version="1.0" encoding="UTF-8"?>
<testng-results ignored="0" total="1" passed="1" failed="0" skipped="0">
  <reporter-output>
  </reporter-output>
  <suite started-at="2021-03-09T16:41:43 IST" name="Default suite" finished-at="2021-03-09T16:41:44 IST" duration-ms="780">
    <groups>
    </groups>
    <test started-at="2021-03-09T16:41:43 IST" name="Default test" finished-at="2021-03-09T16:41:44 IST" duration-ms="780">
      <class name="GameOfGetterSetterPOJO.EmployeePojoWithSetterMethodsOnly">
        <test-method signature="deserializeWithSetterOnly()[pri:0, instance:GameOfGetterSetterPOJO.EmployeePojoWithSetterMethodsOnly@3b07a0d6]" started-at="2021-03-09T16:41:43 IST" name="deserializeWithSetterOnly" finished-at="2021-03-09T16:41:44 IST" duration-ms="704" status="PASS">
          <reporter-output>
          </reporter-output>
        </test-method> <!-- deserializeWithSetterOnly -->
      </class> <!-- GameOfGetterSetterPOJO.EmployeePojoWithSetterMethodsOnly -->
    </test> <!-- Default test -->
  </suite> <!-- Default suite -->
</testng-results>
